[Mon, 09 Apr 18 00:55:14 +0700][ERROR] [2]: EditController handler class cannot be loaded

[Mon, 09 Apr 18 00:57:33 +0700][ERROR] [2]: EditController handler class cannot be loaded

[Mon, 09 Apr 18 00:57:39 +0700][ERROR] [2]: EditController handler class cannot be loaded

[Mon, 09 Apr 18 00:57:59 +0700][ERROR] [2]: EditController handler class cannot be loaded

[Mon, 09 Apr 18 00:58:31 +0700][ERROR] [2]: EditController handler class cannot be loaded

[Mon, 09 Apr 18 01:13:01 +0700][ERROR] [2]: ImgController handler class cannot be loaded

[Mon, 09 Apr 18 01:13:26 +0700][ERROR] [2]: ImgController handler class cannot be loaded

[Mon, 09 Apr 18 01:13:28 +0700][ERROR] [2]: ImgController handler class cannot be loaded

[Mon, 09 Apr 18 01:34:23 +0700][ERROR] [2]: VendorController handler class cannot be loaded

[Mon, 09 Apr 18 01:34:41 +0700][ERROR] [2]: VendorController handler class cannot be loaded

[Mon, 09 Apr 18 01:37:47 +0700][ERROR] [2]: VendorController handler class cannot be loaded

[Mon, 09 Apr 18 01:37:47 +0700][ERROR] [2]: VendorController handler class cannot be loaded

[Mon, 09 Apr 18 01:38:03 +0700][ERROR] [2]: VendorController handler class cannot be loaded

[Mon, 09 Apr 18 01:38:57 +0700][ERROR] [2]: JsController handler class cannot be loaded

[Mon, 09 Apr 18 01:38:57 +0700][ERROR] [2]: JsController handler class cannot be loaded

[Mon, 09 Apr 18 01:42:14 +0700][ERROR] [2]: VendorController handler class cannot be loaded

[Mon, 09 Apr 18 01:42:14 +0700][ERROR] [2]: VendorController handler class cannot be loaded

[Mon, 09 Apr 18 01:42:15 +0700][ERROR] [2]: VendorController handler class cannot be loaded

[Mon, 09 Apr 18 01:42:15 +0700][ERROR] [2]: VendorController handler class cannot be loaded

[Mon, 09 Apr 18 01:42:17 +0700][ERROR] [2]: VendorController handler class cannot be loaded

[Mon, 09 Apr 18 01:42:17 +0700][ERROR] [2]: VendorController handler class cannot be loaded

[Mon, 09 Apr 18 13:12:48 +0700][ERROR] [2]: CssController handler class cannot be loaded

[Mon, 09 Apr 18 13:12:49 +0700][ERROR] [2]: JsController handler class cannot be loaded

[Mon, 09 Apr 18 13:12:49 +0700][ERROR] [2]: CssController handler class cannot be loaded

[Mon, 09 Apr 18 13:12:57 +0700][ERROR] [2]: CssController handler class cannot be loaded

[Mon, 09 Apr 18 13:12:57 +0700][ERROR] [2]: CssController handler class cannot be loaded

[Mon, 09 Apr 18 13:20:03 +0700][ERROR] [2]: CssController handler class cannot be loaded

[Mon, 09 Apr 18 13:20:04 +0700][ERROR] [2]: CssController handler class cannot be loaded

[Mon, 09 Apr 18 13:21:31 +0700][ERROR] [2]: CssController handler class cannot be loaded

[Mon, 09 Apr 18 13:21:31 +0700][ERROR] [2]: CssController handler class cannot be loaded

[Mon, 09 Apr 18 13:22:44 +0700][ERROR] [2]: CssController handler class cannot be loaded

[Mon, 09 Apr 18 13:22:45 +0700][ERROR] [2]: CssController handler class cannot be loaded

[Mon, 09 Apr 18 13:24:54 +0700][ERROR] [2]: CssController handler class cannot be loaded

[Mon, 09 Apr 18 13:24:54 +0700][ERROR] [2]: CssController handler class cannot be loaded

[Mon, 09 Apr 18 13:26:43 +0700][ERROR] [2]: ImgController handler class cannot be loaded

[Mon, 09 Apr 18 13:32:47 +0700][ERROR] [2]: ImgController handler class cannot be loaded

[Mon, 09 Apr 18 13:32:48 +0700][ERROR] [2]: ImgController handler class cannot be loaded

[Mon, 09 Apr 18 13:33:00 +0700][ERROR] [2]: ImgController handler class cannot be loaded

[Mon, 09 Apr 18 13:33:17 +0700][ERROR] [2]: ImgController handler class cannot be loaded

[Mon, 09 Apr 18 13:33:23 +0700][ERROR] [2]: CssController handler class cannot be loaded

[Mon, 09 Apr 18 13:33:23 +0700][ERROR] [2]: CssController handler class cannot be loaded

[Mon, 09 Apr 18 13:38:26 +0700][ERROR] [2]: ImgController handler class cannot be loaded

[Mon, 09 Apr 18 13:38:31 +0700][ERROR] [2]: ImgController handler class cannot be loaded

[Mon, 09 Apr 18 13:38:47 +0700][ERROR] [2]: ImgController handler class cannot be loaded

[Mon, 09 Apr 18 13:38:53 +0700][ERROR] [2]: ImgController handler class cannot be loaded

[Mon, 09 Apr 18 13:38:55 +0700][ERROR] [2]: ImgController handler class cannot be loaded

[Mon, 09 Apr 18 13:38:56 +0700][ERROR] [2]: ImgController handler class cannot be loaded

[Mon, 09 Apr 18 13:38:56 +0700][ERROR] [2]: ImgController handler class cannot be loaded

[Mon, 09 Apr 18 13:38:57 +0700][ERROR] [2]: ImgController handler class cannot be loaded

[Mon, 09 Apr 18 13:38:57 +0700][ERROR] [2]: ImgController handler class cannot be loaded

[Mon, 09 Apr 18 13:39:06 +0700][ERROR] [2]: ImgController handler class cannot be loaded

[Mon, 09 Apr 18 13:39:18 +0700][ERROR] [2]: ImgController handler class cannot be loaded

[Mon, 09 Apr 18 13:40:48 +0700][ERROR] [2]: CssController handler class cannot be loaded

[Mon, 09 Apr 18 13:40:48 +0700][ERROR] [2]: CssController handler class cannot be loaded

[Mon, 09 Apr 18 13:41:22 +0700][ERROR] [2]: ImgController handler class cannot be loaded

[Mon, 09 Apr 18 13:41:50 +0700][ERROR] [2]: ImgController handler class cannot be loaded

[Mon, 09 Apr 18 13:43:27 +0700][ERROR] [2]: CssController handler class cannot be loaded

[Mon, 09 Apr 18 13:43:27 +0700][ERROR] [2]: JsController handler class cannot be loaded

[Mon, 09 Apr 18 13:45:12 +0700][ERROR] [2]: CssController handler class cannot be loaded

[Mon, 09 Apr 18 13:45:42 +0700][ERROR] [2]: CssController handler class cannot be loaded

[Mon, 09 Apr 18 13:46:34 +0700][ERROR] [2]: CssController handler class cannot be loaded

[Mon, 09 Apr 18 13:46:47 +0700][ERROR] [2]: CssController handler class cannot be loaded

[Mon, 09 Apr 18 13:47:13 +0700][ERROR] [2]: CssController handler class cannot be loaded

[Mon, 09 Apr 18 13:48:02 +0700][ERROR] [2]: CssController handler class cannot be loaded

[Mon, 09 Apr 18 13:53:25 +0700][ERROR] [2]: CssController handler class cannot be loaded

[Mon, 09 Apr 18 13:53:25 +0700][ERROR] [2]: JsController handler class cannot be loaded

[Mon, 09 Apr 18 13:54:57 +0700][ERROR] [2]: CssController handler class cannot be loaded

[Mon, 09 Apr 18 13:54:57 +0700][ERROR] [2]: JsController handler class cannot be loaded

[Mon, 09 Apr 18 13:55:42 +0700][ERROR] [2]: CssController handler class cannot be loaded

[Mon, 09 Apr 18 13:55:42 +0700][ERROR] [2]: JsController handler class cannot be loaded

[Mon, 09 Apr 18 13:58:49 +0700][ERROR] [2]: CssController handler class cannot be loaded

[Mon, 09 Apr 18 13:58:49 +0700][ERROR] [2]: JsController handler class cannot be loaded

[Mon, 09 Apr 18 14:01:43 +0700][ERROR] [2]: CssController handler class cannot be loaded

[Mon, 09 Apr 18 14:01:43 +0700][ERROR] [2]: JsController handler class cannot be loaded

[Mon, 09 Apr 18 14:05:47 +0700][ERROR] [2]: CssController handler class cannot be loaded

[Mon, 09 Apr 18 14:05:47 +0700][ERROR] [2]: JsController handler class cannot be loaded

[Mon, 09 Apr 18 14:29:08 +0700][ERROR] [2]: CssController handler class cannot be loaded

[Mon, 09 Apr 18 14:29:08 +0700][ERROR] [2]: JsController handler class cannot be loaded

[Mon, 09 Apr 18 14:29:37 +0700][ERROR] [2]: CssController handler class cannot be loaded

[Mon, 09 Apr 18 14:29:37 +0700][ERROR] [2]: JsController handler class cannot be loaded

[Mon, 09 Apr 18 14:38:28 +0700][ERROR] [2]: CssController handler class cannot be loaded

[Mon, 09 Apr 18 14:38:28 +0700][ERROR] [2]: JsController handler class cannot be loaded

